larissachen13, 39983, Sun Aug 28 14:17:29 2016
*************************
Inserted avatar 1 at 3,2.
Avatar locations: 1: (3, 2); 
Inserted avatar 0 at 0,2.
Avatar locations: 0: (0, 2); 1: (3, 2); 
Avatar 0 ran into north wall at 0,2.
Avatar locations: 0: (0, 2); 1: (3, 2); 
Inserted avatar 4 at 3,4.
Avatar locations: 0: (0, 2); 1: (3, 2); 4: (3, 4); 
Inserted avatar 2 at 0,4.
Avatar locations: 0: (0, 2); 2: (0, 4); 1: (3, 2); 4: (3, 4); 
Inserted avatar 3 at 2,2.
Avatar locations: 0: (0, 2); 2: (0, 4); 3: (2, 2); 1: (3, 2); 4: (3, 4); 
Avatar 1 ran into west wall at 3,2.
Avatar locations: 0: (0, 2); 2: (0, 4); 3: (2, 2); 1: (3, 2); 4: (3, 4); 
Avatar 2 moved from 0,4 to 0,3.
Avatar locations: 0: (0, 2); 2: (0, 3); 3: (2, 2); 1: (3, 2); 4: (3, 4); 
Avatar 3 moved from 2,2 to 1,2.
Avatar locations: 0: (0, 2); 2: (0, 3); 3: (1, 2); 1: (3, 2); 4: (3, 4); 
Avatar 4 moved from 3,4 to 2,4.
Avatar locations: 0: (0, 2); 2: (0, 3); 3: (1, 2); 4: (2, 4); 1: (3, 2); 
Avatar 0 moved from 0,2 to 0,3.
Avatar locations: 0: (0, 3); 2: (0, 3); 3: (1, 2); 4: (2, 4); 1: (3, 2); 
Avatar 1 moved from 3,2 to 3,1.
Avatar locations: 0: (0, 3); 2: (0, 3); 3: (1, 2); 4: (2, 4); 1: (3, 1); 
Avatar 2 moved from 0,3 to 1,3.
Avatar locations: 0: (0, 3); 3: (1, 2); 2: (1, 3); 4: (2, 4); 1: (3, 1); 
Avatar 3 moved from 1,2 to 0,2.
Avatar locations: 3: (0, 2); 0: (0, 3); 2: (1, 3); 4: (2, 4); 1: (3, 1); 
Avatar 4 moved from 2,4 to 1,4.
Avatar locations: 3: (0, 2); 0: (0, 3); 2: (1, 3); 4: (1, 4); 1: (3, 1); 
Avatar 0 moved from 0,3 to 0,4.
Avatar locations: 3: (0, 2); 0: (0, 4); 2: (1, 3); 4: (1, 4); 1: (3, 1); 
Avatar 1 ran into west wall at 3,1.
Avatar locations: 3: (0, 2); 0: (0, 4); 2: (1, 3); 4: (1, 4); 1: (3, 1); 
Avatar 2 moved from 1,3 to 1,4.
Avatar locations: 3: (0, 2); 0: (0, 4); 2: (1, 4); 4: (1, 4); 1: (3, 1); 
Avatar 3 moved from 0,2 to 0,3.
Avatar locations: 3: (0, 3); 0: (0, 4); 2: (1, 4); 4: (1, 4); 1: (3, 1); 
Avatar 4 ran into west wall at 1,4.
Avatar locations: 3: (0, 3); 0: (0, 4); 2: (1, 4); 4: (1, 4); 1: (3, 1); 
Avatar 0 moved from 0,4 to 0,3.
Avatar locations: 0: (0, 3); 3: (0, 3); 2: (1, 4); 4: (1, 4); 1: (3, 1); 
Avatar 1 ran into north wall at 3,1.
Avatar locations: 0: (0, 3); 3: (0, 3); 2: (1, 4); 4: (1, 4); 1: (3, 1); 
Avatar 2 moved from 1,4 to 2,4.
Avatar locations: 0: (0, 3); 3: (0, 3); 4: (1, 4); 2: (2, 4); 1: (3, 1); 
Avatar 3 moved from 0,3 to 1,3.
Avatar locations: 0: (0, 3); 3: (1, 3); 4: (1, 4); 2: (2, 4); 1: (3, 1); 
Avatar 4 moved from 1,4 to 1,3.
Avatar locations: 0: (0, 3); 3: (1, 3); 4: (1, 3); 2: (2, 4); 1: (3, 1); 
Avatar 0 moved from 0,3 to 1,3.
Avatar locations: 0: (1, 3); 3: (1, 3); 4: (1, 3); 2: (2, 4); 1: (3, 1); 
Avatar 1 ran into east wall at 3,1.
Avatar locations: 0: (1, 3); 3: (1, 3); 4: (1, 3); 2: (2, 4); 1: (3, 1); 
Avatar 2 moved from 2,4 to 2,3.
Avatar locations: 0: (1, 3); 3: (1, 3); 4: (1, 3); 2: (2, 3); 1: (3, 1); 
Avatar 3 ran into north wall at 1,3.
Avatar locations: 0: (1, 3); 3: (1, 3); 4: (1, 3); 2: (2, 3); 1: (3, 1); 
Avatar 3 moved from 1,3 to 1,4.
Avatar locations: 0: (1, 3); 4: (1, 3); 3: (1, 4); 2: (2, 3); 1: (3, 1); 
Avatar 4 moved from 1,3 to 0,3.
Avatar locations: 4: (0, 3); 0: (1, 3); 3: (1, 4); 2: (2, 3); 1: (3, 1); 
Avatar 0 moved from 1,3 to 1,4.
Avatar locations: 4: (0, 3); 0: (1, 4); 3: (1, 4); 2: (2, 3); 1: (3, 1); 
Avatar 1 moved from 3,1 to 3,2.
Avatar locations: 4: (0, 3); 0: (1, 4); 3: (1, 4); 2: (2, 3); 1: (3, 2); 
Avatar 2 ran into west wall at 2,3.
Avatar locations: 4: (0, 3); 0: (1, 4); 3: (1, 4); 2: (2, 3); 1: (3, 2); 
Avatar 2 moved from 2,3 to 3,3.
Avatar locations: 4: (0, 3); 0: (1, 4); 3: (1, 4); 1: (3, 2); 2: (3, 3); 
Avatar 3 moved from 1,4 to 2,4.
Avatar locations: 4: (0, 3); 0: (1, 4); 3: (2, 4); 1: (3, 2); 2: (3, 3); 
Avatar 4 moved from 0,3 to 0,2.
Avatar locations: 4: (0, 2); 0: (1, 4); 3: (2, 4); 1: (3, 2); 2: (3, 3); 
Avatar 0 moved from 1,4 to 2,4.
Avatar locations: 4: (0, 2); 0: (2, 4); 3: (2, 4); 1: (3, 2); 2: (3, 3); 
Avatar 1 ran into south wall at 3,2.
Avatar locations: 4: (0, 2); 0: (2, 4); 3: (2, 4); 1: (3, 2); 2: (3, 3); 
Avatar 2 moved from 3,3 to 4,3.
Avatar locations: 4: (0, 2); 0: (2, 4); 3: (2, 4); 1: (3, 2); 2: (4, 3); 
Avatar 3 moved from 2,4 to 2,3.
Avatar locations: 4: (0, 2); 3: (2, 3); 0: (2, 4); 1: (3, 2); 2: (4, 3); 
Avatar 4 moved from 0,2 to 1,2.
Avatar locations: 4: (1, 2); 3: (2, 3); 0: (2, 4); 1: (3, 2); 2: (4, 3); 
Avatar 0 moved from 2,4 to 2,3.
Avatar locations: 4: (1, 2); 0: (2, 3); 3: (2, 3); 1: (3, 2); 2: (4, 3); 
Avatar 1 moved from 3,2 to 4,2.
Avatar locations: 4: (1, 2); 0: (2, 3); 3: (2, 3); 1: (4, 2); 2: (4, 3); 
Avatar 2 moved from 4,3 to 4,2.
Avatar locations: 4: (1, 2); 0: (2, 3); 3: (2, 3); 1: (4, 2); 2: (4, 2); 
Avatar 3 moved from 2,3 to 3,3.
Avatar locations: 4: (1, 2); 0: (2, 3); 3: (3, 3); 1: (4, 2); 2: (4, 2); 
Avatar 4 moved from 1,2 to 2,2.
Avatar locations: 4: (2, 2); 0: (2, 3); 3: (3, 3); 1: (4, 2); 2: (4, 2); 
Avatar 0 moved from 2,3 to 2,3.
Avatar locations: 4: (2, 2); 0: (2, 3); 3: (3, 3); 1: (4, 2); 2: (4, 2); 
Avatar 1 moved from 4,2 to 4,3.
Avatar locations: 4: (2, 2); 0: (2, 3); 3: (3, 3); 2: (4, 2); 1: (4, 3); 
Avatar 2 moved from 4,2 to 4,3.
Avatar locations: 4: (2, 2); 0: (2, 3); 3: (3, 3); 1: (4, 3); 2: (4, 3); 
Avatar 3 moved from 3,3 to 2,3.
Avatar locations: 4: (2, 2); 0: (2, 3); 3: (2, 3); 1: (4, 3); 2: (4, 3); 
Avatar 4 ran into south wall at 2,2.
Avatar locations: 4: (2, 2); 0: (2, 3); 3: (2, 3); 1: (4, 3); 2: (4, 3); 
Avatar 0 moved from 2,3 to 3,3.
Avatar locations: 4: (2, 2); 3: (2, 3); 0: (3, 3); 1: (4, 3); 2: (4, 3); 
Avatar 1 moved from 4,3 to 3,3.
Avatar locations: 4: (2, 2); 3: (2, 3); 0: (3, 3); 1: (3, 3); 2: (4, 3); 
Avatar 2 moved from 4,3 to 3,3.
Avatar locations: 4: (2, 2); 3: (2, 3); 0: (3, 3); 1: (3, 3); 2: (3, 3); 
Avatar 3 moved from 2,3 to 3,3.
Avatar locations: 4: (2, 2); 0: (3, 3); 1: (3, 3); 2: (3, 3); 3: (3, 3); 
Avatar 4 moved from 2,2 to 1,2.
Avatar locations: 4: (1, 2); 0: (3, 3); 1: (3, 3); 2: (3, 3); 3: (3, 3); 
Avatar 0 ran into south wall at 3,3.
Avatar locations: 4: (1, 2); 0: (3, 3); 1: (3, 3); 2: (3, 3); 3: (3, 3); 
Avatar 1 ran into south wall at 3,3.
Avatar locations: 4: (1, 2); 0: (3, 3); 1: (3, 3); 2: (3, 3); 3: (3, 3); 
Avatar 2 ran into south wall at 3,3.
Avatar locations: 4: (1, 2); 0: (3, 3); 1: (3, 3); 2: (3, 3); 3: (3, 3); 
Avatar 3 ran into south wall at 3,3.
Avatar locations: 4: (1, 2); 0: (3, 3); 1: (3, 3); 2: (3, 3); 3: (3, 3); 
Avatar 4 moved from 1,2 to 0,2.
Avatar locations: 4: (0, 2); 0: (3, 3); 1: (3, 3); 2: (3, 3); 3: (3, 3); 
Avatar 0 moved from 3,3 to 4,3.
Avatar locations: 4: (0, 2); 1: (3, 3); 2: (3, 3); 3: (3, 3); 0: (4, 3); 
Avatar 1 moved from 3,3 to 4,3.
Avatar locations: 4: (0, 2); 2: (3, 3); 3: (3, 3); 0: (4, 3); 1: (4, 3); 
Avatar 2 moved from 3,3 to 4,3.
Avatar locations: 4: (0, 2); 3: (3, 3); 0: (4, 3); 1: (4, 3); 2: (4, 3); 
Avatar 3 moved from 3,3 to 4,3.
Avatar locations: 4: (0, 2); 0: (4, 3); 1: (4, 3); 2: (4, 3); 3: (4, 3); 
Avatar 4 moved from 0,2 to 0,3.
Avatar locations: 4: (0, 3); 0: (4, 3); 1: (4, 3); 2: (4, 3); 3: (4, 3); 
Avatar 0 moved from 4,3 to 4,2.
Avatar locations: 4: (0, 3); 0: (4, 2); 1: (4, 3); 2: (4, 3); 3: (4, 3); 
Avatar 1 moved from 4,3 to 4,2.
Avatar locations: 4: (0, 3); 0: (4, 2); 1: (4, 2); 2: (4, 3); 3: (4, 3); 
Avatar 2 moved from 4,3 to 4,2.
Avatar locations: 4: (0, 3); 0: (4, 2); 1: (4, 2); 2: (4, 2); 3: (4, 3); 
Avatar 3 moved from 4,3 to 4,2.
Avatar locations: 4: (0, 3); 0: (4, 2); 1: (4, 2); 2: (4, 2); 3: (4, 2); 
Avatar 4 moved from 0,3 to 1,3.
Avatar locations: 4: (1, 3); 0: (4, 2); 1: (4, 2); 2: (4, 2); 3: (4, 2); 
Avatar 0 moved from 4,2 to 3,2.
Avatar locations: 4: (1, 3); 0: (3, 2); 1: (4, 2); 2: (4, 2); 3: (4, 2); 
Avatar 1 moved from 4,2 to 3,2.
Avatar locations: 4: (1, 3); 0: (3, 2); 1: (3, 2); 2: (4, 2); 3: (4, 2); 
Avatar 2 moved from 4,2 to 3,2.
Avatar locations: 4: (1, 3); 0: (3, 2); 1: (3, 2); 2: (3, 2); 3: (4, 2); 
Avatar 3 moved from 4,2 to 3,2.
Avatar locations: 4: (1, 3); 0: (3, 2); 1: (3, 2); 2: (3, 2); 3: (3, 2); 
Avatar 4 moved from 1,3 to 1,4.
Avatar locations: 4: (1, 4); 0: (3, 2); 1: (3, 2); 2: (3, 2); 3: (3, 2); 
Avatar 0 moved from 3,2 to 4,2.
Avatar locations: 4: (1, 4); 1: (3, 2); 2: (3, 2); 3: (3, 2); 0: (4, 2); 
Avatar 1 moved from 3,2 to 4,2.
Avatar locations: 4: (1, 4); 2: (3, 2); 3: (3, 2); 0: (4, 2); 1: (4, 2); 
Avatar 2 moved from 3,2 to 4,2.
Avatar locations: 4: (1, 4); 3: (3, 2); 0: (4, 2); 1: (4, 2); 2: (4, 2); 
Avatar 3 moved from 3,2 to 4,2.
Avatar locations: 4: (1, 4); 0: (4, 2); 1: (4, 2); 2: (4, 2); 3: (4, 2); 
Avatar 4 moved from 1,4 to 2,4.
Avatar locations: 4: (2, 4); 0: (4, 2); 1: (4, 2); 2: (4, 2); 3: (4, 2); 
Avatar 0 moved from 4,2 to 4,3.
Avatar locations: 4: (2, 4); 1: (4, 2); 2: (4, 2); 3: (4, 2); 0: (4, 3); 
Avatar 1 moved from 4,2 to 4,3.
Avatar locations: 4: (2, 4); 2: (4, 2); 3: (4, 2); 0: (4, 3); 1: (4, 3); 
Avatar 2 moved from 4,2 to 4,3.
Avatar locations: 4: (2, 4); 3: (4, 2); 0: (4, 3); 1: (4, 3); 2: (4, 3); 
Avatar 3 moved from 4,2 to 4,3.
Avatar locations: 4: (2, 4); 0: (4, 3); 1: (4, 3); 2: (4, 3); 3: (4, 3); 
Avatar 4 moved from 2,4 to 2,3.
Avatar locations: 4: (2, 3); 0: (4, 3); 1: (4, 3); 2: (4, 3); 3: (4, 3); 
Avatar 0 moved from 4,3 to 3,3.
Avatar locations: 4: (2, 3); 0: (3, 3); 1: (4, 3); 2: (4, 3); 3: (4, 3); 
Avatar 1 moved from 4,3 to 3,3.
Avatar locations: 4: (2, 3); 0: (3, 3); 1: (3, 3); 2: (4, 3); 3: (4, 3); 
Avatar 2 moved from 4,3 to 3,3.
Avatar locations: 4: (2, 3); 0: (3, 3); 1: (3, 3); 2: (3, 3); 3: (4, 3); 
Avatar 3 moved from 4,3 to 3,3.
Avatar locations: 4: (2, 3); 0: (3, 3); 1: (3, 3); 2: (3, 3); 3: (3, 3); 
SOLVED THE MAZE in 84 moves.
Exited with status 0, maze was solved
