larissachen13, 39297, Sun Aug 28 14:27:30 2016
*************************
Inserted avatar 0 at 2,0.
Avatar locations: 0: (2, 0); 
Avatar 0 moved from 2,0 to 1,0.
Avatar locations: 0: (1, 0); 
Inserted avatar 1 at 2,5.
Avatar locations: 0: (1, 0); 1: (2, 5); 
Avatar 1 moved from 2,5 to 1,5.
Avatar locations: 0: (1, 0); 1: (1, 5); 
Inserted avatar 2 at 4,4.
Avatar locations: 0: (1, 0); 1: (1, 5); 2: (4, 4); 
Inserted avatar 3 at 3,0.
Avatar locations: 0: (1, 0); 1: (1, 5); 3: (3, 0); 2: (4, 4); 
Avatar 2 ran into west wall at 4,4.
Avatar locations: 0: (1, 0); 1: (1, 5); 3: (3, 0); 2: (4, 4); 
Avatar 3 moved from 3,0 to 2,0.
Avatar locations: 0: (1, 0); 1: (1, 5); 3: (2, 0); 2: (4, 4); 
Avatar 0 ran into west wall at 1,0.
Avatar locations: 0: (1, 0); 1: (1, 5); 3: (2, 0); 2: (4, 4); 
Avatar 1 ran into west wall at 1,5.
Avatar locations: 0: (1, 0); 1: (1, 5); 3: (2, 0); 2: (4, 4); 
Avatar 2 ran into north wall at 4,4.
Avatar locations: 0: (1, 0); 1: (1, 5); 3: (2, 0); 2: (4, 4); 
Avatar 3 moved from 2,0 to 2,1.
Avatar locations: 0: (1, 0); 1: (1, 5); 3: (2, 1); 2: (4, 4); 
Avatar 0 moved from 1,0 to 1,1.
Avatar locations: 0: (1, 1); 1: (1, 5); 3: (2, 1); 2: (4, 4); 
Avatar 1 ran into north wall at 1,5.
Avatar locations: 0: (1, 1); 1: (1, 5); 3: (2, 1); 2: (4, 4); 
Avatar 2 moved from 4,4 to 4,5.
Avatar locations: 0: (1, 1); 1: (1, 5); 3: (2, 1); 2: (4, 5); 
Avatar 3 ran into south wall at 2,1.
Avatar locations: 0: (1, 1); 1: (1, 5); 3: (2, 1); 2: (4, 5); 
Avatar 0 ran into west wall at 1,1.
Avatar locations: 0: (1, 1); 1: (1, 5); 3: (2, 1); 2: (4, 5); 
Avatar 1 moved from 1,5 to 1,6.
Avatar locations: 0: (1, 1); 1: (1, 6); 3: (2, 1); 2: (4, 5); 
Avatar 2 ran into west wall at 4,5.
Avatar locations: 0: (1, 1); 1: (1, 6); 3: (2, 1); 2: (4, 5); 
Avatar 3 moved from 2,1 to 3,1.
Avatar locations: 0: (1, 1); 1: (1, 6); 3: (3, 1); 2: (4, 5); 
Avatar 0 moved from 1,1 to 1,2.
Avatar locations: 0: (1, 2); 1: (1, 6); 3: (3, 1); 2: (4, 5); 
Avatar 1 moved from 1,6 to 0,6.
Avatar locations: 1: (0, 6); 0: (1, 2); 3: (3, 1); 2: (4, 5); 
Avatar 2 ran into south wall at 4,5.
Avatar locations: 1: (0, 6); 0: (1, 2); 3: (3, 1); 2: (4, 5); 
Avatar 3 ran into north wall at 3,1.
Avatar locations: 1: (0, 6); 0: (1, 2); 3: (3, 1); 2: (4, 5); 
Avatar 3 ran into south wall at 3,1.
Avatar locations: 1: (0, 6); 0: (1, 2); 3: (3, 1); 2: (4, 5); 
Avatar 0 moved from 1,2 to 0,2.
Avatar locations: 0: (0, 2); 1: (0, 6); 3: (3, 1); 2: (4, 5); 
Avatar 1 moved from 0,6 to 0,5.
Avatar locations: 0: (0, 2); 1: (0, 5); 3: (3, 1); 2: (4, 5); 
Avatar 2 moved from 4,5 to 5,5.
Avatar locations: 0: (0, 2); 1: (0, 5); 3: (3, 1); 2: (5, 5); 
Avatar 3 moved from 3,1 to 4,1.
Avatar locations: 0: (0, 2); 1: (0, 5); 3: (4, 1); 2: (5, 5); 
Avatar 0 moved from 0,2 to 0,1.
Avatar locations: 0: (0, 1); 1: (0, 5); 3: (4, 1); 2: (5, 5); 
Avatar 1 moved from 0,5 to 0,4.
Avatar locations: 0: (0, 1); 1: (0, 4); 3: (4, 1); 2: (5, 5); 
Avatar 2 ran into north wall at 5,5.
Avatar locations: 0: (0, 1); 1: (0, 4); 3: (4, 1); 2: (5, 5); 
Avatar 3 moved from 4,1 to 4,0.
Avatar locations: 0: (0, 1); 1: (0, 4); 3: (4, 0); 2: (5, 5); 
Avatar 0 moved from 0,1 to 0,0.
Avatar locations: 0: (0, 0); 1: (0, 4); 3: (4, 0); 2: (5, 5); 
Avatar 1 moved from 0,4 to 0,3.
Avatar locations: 0: (0, 0); 1: (0, 3); 3: (4, 0); 2: (5, 5); 
Avatar 2 moved from 5,5 to 5,6.
Avatar locations: 0: (0, 0); 1: (0, 3); 3: (4, 0); 2: (5, 6); 
Avatar 3 ran into west wall at 4,0.
Avatar locations: 0: (0, 0); 1: (0, 3); 3: (4, 0); 2: (5, 6); 
Avatar 3 moved from 4,0 to 5,0.
Avatar locations: 0: (0, 0); 1: (0, 3); 3: (5, 0); 2: (5, 6); 
Avatar 0 moved from 0,0 to 0,1.
Avatar locations: 0: (0, 1); 1: (0, 3); 3: (5, 0); 2: (5, 6); 
Avatar 1 moved from 0,3 to 0,2.
Avatar locations: 0: (0, 1); 1: (0, 2); 3: (5, 0); 2: (5, 6); 
Avatar 2 moved from 5,6 to 4,6.
Avatar locations: 0: (0, 1); 1: (0, 2); 2: (4, 6); 3: (5, 0); 
Avatar 3 moved from 5,0 to 5,1.
Avatar locations: 0: (0, 1); 1: (0, 2); 2: (4, 6); 3: (5, 1); 
Avatar 0 moved from 0,1 to 0,2.
Avatar locations: 0: (0, 2); 1: (0, 2); 2: (4, 6); 3: (5, 1); 
Avatar 1 moved from 0,2 to 1,2.
Avatar locations: 0: (0, 2); 1: (1, 2); 2: (4, 6); 3: (5, 1); 
Avatar 2 ran into west wall at 4,6.
Avatar locations: 0: (0, 2); 1: (1, 2); 2: (4, 6); 3: (5, 1); 
Avatar 3 ran into west wall at 5,1.
Avatar locations: 0: (0, 2); 1: (1, 2); 2: (4, 6); 3: (5, 1); 
Avatar 3 moved from 5,1 to 5,2.
Avatar locations: 0: (0, 2); 1: (1, 2); 2: (4, 6); 3: (5, 2); 
Avatar 0 moved from 0,2 to 0,3.
Avatar locations: 0: (0, 3); 1: (1, 2); 2: (4, 6); 3: (5, 2); 
Avatar 1 ran into south wall at 1,2.
Avatar locations: 0: (0, 3); 1: (1, 2); 2: (4, 6); 3: (5, 2); 
Avatar 2 moved from 4,6 to 4,7.
Avatar locations: 0: (0, 3); 1: (1, 2); 2: (4, 7); 3: (5, 2); 
Avatar 3 ran into west wall at 5,2.
Avatar locations: 0: (0, 3); 1: (1, 2); 2: (4, 7); 3: (5, 2); 
Avatar 0 ran into east wall at 0,3.
Avatar locations: 0: (0, 3); 1: (1, 2); 2: (4, 7); 3: (5, 2); 
Avatar 1 moved from 1,2 to 2,2.
Avatar locations: 0: (0, 3); 1: (2, 2); 2: (4, 7); 3: (5, 2); 
Avatar 2 moved from 4,7 to 3,7.
Avatar locations: 0: (0, 3); 1: (2, 2); 2: (3, 7); 3: (5, 2); 
Avatar 3 moved from 5,2 to 5,3.
Avatar locations: 0: (0, 3); 1: (2, 2); 2: (3, 7); 3: (5, 3); 
Avatar 0 moved from 0,3 to 0,4.
Avatar locations: 0: (0, 4); 1: (2, 2); 2: (3, 7); 3: (5, 3); 
Avatar 1 moved from 2,2 to 2,3.
Avatar locations: 0: (0, 4); 1: (2, 3); 2: (3, 7); 3: (5, 3); 
Avatar 2 ran into west wall at 3,7.
Avatar locations: 0: (0, 4); 1: (2, 3); 2: (3, 7); 3: (5, 3); 
Avatar 3 ran into west wall at 5,3.
Avatar locations: 0: (0, 4); 1: (2, 3); 2: (3, 7); 3: (5, 3); 
Avatar 0 ran into east wall at 0,4.
Avatar locations: 0: (0, 4); 1: (2, 3); 2: (3, 7); 3: (5, 3); 
Avatar 1 ran into west wall at 2,3.
Avatar locations: 0: (0, 4); 1: (2, 3); 2: (3, 7); 3: (5, 3); 
Avatar 2 moved from 3,7 to 3,6.
Avatar locations: 0: (0, 4); 1: (2, 3); 2: (3, 6); 3: (5, 3); 
Avatar 3 moved from 5,3 to 5,4.
Avatar locations: 0: (0, 4); 1: (2, 3); 2: (3, 6); 3: (5, 4); 
Avatar 0 moved from 0,4 to 0,5.
Avatar locations: 0: (0, 5); 1: (2, 3); 2: (3, 6); 3: (5, 4); 
Avatar 1 ran into south wall at 2,3.
Avatar locations: 0: (0, 5); 1: (2, 3); 2: (3, 6); 3: (5, 4); 
Avatar 2 ran into west wall at 3,6.
Avatar locations: 0: (0, 5); 1: (2, 3); 2: (3, 6); 3: (5, 4); 
Avatar 3 moved from 5,4 to 4,4.
Avatar locations: 0: (0, 5); 1: (2, 3); 2: (3, 6); 3: (4, 4); 
Avatar 0 moved from 0,5 to 0,6.
Avatar locations: 0: (0, 6); 1: (2, 3); 2: (3, 6); 3: (4, 4); 
Avatar 1 moved from 2,3 to 2,2.
Avatar locations: 0: (0, 6); 1: (2, 2); 2: (3, 6); 3: (4, 4); 
Avatar 2 moved from 3,6 to 3,7.
Avatar locations: 0: (0, 6); 1: (2, 2); 2: (3, 7); 3: (4, 4); 
Avatar 3 moved from 4,4 to 4,5.
Avatar locations: 0: (0, 6); 1: (2, 2); 2: (3, 7); 3: (4, 5); 
Avatar 0 moved from 0,6 to 1,6.
Avatar locations: 0: (1, 6); 1: (2, 2); 2: (3, 7); 3: (4, 5); 
Avatar 1 moved from 2,2 to 1,2.
Avatar locations: 1: (1, 2); 0: (1, 6); 2: (3, 7); 3: (4, 5); 
Avatar 2 moved from 3,7 to 4,7.
Avatar locations: 1: (1, 2); 0: (1, 6); 3: (4, 5); 2: (4, 7); 
Avatar 3 moved from 4,5 to 5,5.
Avatar locations: 1: (1, 2); 0: (1, 6); 2: (4, 7); 3: (5, 5); 
Avatar 0 moved from 1,6 to 1,5.
Avatar locations: 1: (1, 2); 0: (1, 5); 2: (4, 7); 3: (5, 5); 
Avatar 1 moved from 1,2 to 1,1.
Avatar locations: 1: (1, 1); 0: (1, 5); 2: (4, 7); 3: (5, 5); 
Avatar 2 moved from 4,7 to 4,6.
Avatar locations: 1: (1, 1); 0: (1, 5); 2: (4, 6); 3: (5, 5); 
Avatar 3 moved from 5,5 to 5,6.
Avatar locations: 1: (1, 1); 0: (1, 5); 2: (4, 6); 3: (5, 6); 
Avatar 0 moved from 1,5 to 2,5.
Avatar locations: 1: (1, 1); 0: (2, 5); 2: (4, 6); 3: (5, 6); 
Avatar 1 moved from 1,1 to 1,0.
Avatar locations: 1: (1, 0); 0: (2, 5); 2: (4, 6); 3: (5, 6); 
Avatar 2 moved from 4,6 to 4,6.
Avatar locations: 1: (1, 0); 0: (2, 5); 2: (4, 6); 3: (5, 6); 
Avatar 3 moved from 5,6 to 4,6.
Avatar locations: 1: (1, 0); 0: (2, 5); 2: (4, 6); 3: (4, 6); 
Avatar 0 moved from 2,5 to 1,5.
Avatar locations: 1: (1, 0); 0: (1, 5); 2: (4, 6); 3: (4, 6); 
Avatar 1 moved from 1,0 to 2,0.
Avatar locations: 0: (1, 5); 1: (2, 0); 2: (4, 6); 3: (4, 6); 
Avatar 2 moved from 4,6 to 5,6.
Avatar locations: 0: (1, 5); 1: (2, 0); 3: (4, 6); 2: (5, 6); 
Avatar 3 moved from 4,6 to 5,6.
Avatar locations: 0: (1, 5); 1: (2, 0); 2: (5, 6); 3: (5, 6); 
Avatar 0 moved from 1,5 to 1,6.
Avatar locations: 0: (1, 6); 1: (2, 0); 2: (5, 6); 3: (5, 6); 
Avatar 1 moved from 2,0 to 2,1.
Avatar locations: 0: (1, 6); 1: (2, 1); 2: (5, 6); 3: (5, 6); 
Avatar 2 moved from 5,6 to 5,5.
Avatar locations: 0: (1, 6); 1: (2, 1); 2: (5, 5); 3: (5, 6); 
Avatar 3 moved from 5,6 to 5,5.
Avatar locations: 0: (1, 6); 1: (2, 1); 2: (5, 5); 3: (5, 5); 
Avatar 0 moved from 1,6 to 0,6.
Avatar locations: 0: (0, 6); 1: (2, 1); 2: (5, 5); 3: (5, 5); 
Avatar 1 moved from 2,1 to 3,1.
Avatar locations: 0: (0, 6); 1: (3, 1); 2: (5, 5); 3: (5, 5); 
Avatar 2 moved from 5,5 to 4,5.
Avatar locations: 0: (0, 6); 1: (3, 1); 2: (4, 5); 3: (5, 5); 
Avatar 3 moved from 5,5 to 4,5.
Avatar locations: 0: (0, 6); 1: (3, 1); 2: (4, 5); 3: (4, 5); 
Avatar 0 moved from 0,6 to 0,5.
Avatar locations: 0: (0, 5); 1: (3, 1); 2: (4, 5); 3: (4, 5); 
Avatar 1 moved from 3,1 to 4,1.
Avatar locations: 0: (0, 5); 1: (4, 1); 2: (4, 5); 3: (4, 5); 
Avatar 2 moved from 4,5 to 4,4.
Avatar locations: 0: (0, 5); 1: (4, 1); 2: (4, 4); 3: (4, 5); 
Avatar 3 moved from 4,5 to 4,4.
Avatar locations: 0: (0, 5); 1: (4, 1); 2: (4, 4); 3: (4, 4); 
Avatar 0 moved from 0,5 to 0,4.
Avatar locations: 0: (0, 4); 1: (4, 1); 2: (4, 4); 3: (4, 4); 
Avatar 1 moved from 4,1 to 4,0.
Avatar locations: 0: (0, 4); 1: (4, 0); 2: (4, 4); 3: (4, 4); 
Avatar 2 moved from 4,4 to 5,4.
Avatar locations: 0: (0, 4); 1: (4, 0); 3: (4, 4); 2: (5, 4); 
Avatar 3 moved from 4,4 to 5,4.
Avatar locations: 0: (0, 4); 1: (4, 0); 2: (5, 4); 3: (5, 4); 
Avatar 0 moved from 0,4 to 0,3.
Avatar locations: 0: (0, 3); 1: (4, 0); 2: (5, 4); 3: (5, 4); 
Avatar 1 moved from 4,0 to 5,0.
Avatar locations: 0: (0, 3); 1: (5, 0); 2: (5, 4); 3: (5, 4); 
Avatar 2 moved from 5,4 to 5,3.
Avatar locations: 0: (0, 3); 1: (5, 0); 2: (5, 3); 3: (5, 4); 
Avatar 3 moved from 5,4 to 5,3.
Avatar locations: 0: (0, 3); 1: (5, 0); 2: (5, 3); 3: (5, 3); 
Avatar 0 moved from 0,3 to 0,2.
Avatar locations: 0: (0, 2); 1: (5, 0); 2: (5, 3); 3: (5, 3); 
Avatar 1 moved from 5,0 to 5,1.
Avatar locations: 0: (0, 2); 1: (5, 1); 2: (5, 3); 3: (5, 3); 
Avatar 2 moved from 5,3 to 5,2.
Avatar locations: 0: (0, 2); 1: (5, 1); 2: (5, 2); 3: (5, 3); 
Avatar 3 moved from 5,3 to 5,2.
Avatar locations: 0: (0, 2); 1: (5, 1); 2: (5, 2); 3: (5, 2); 
Avatar 0 moved from 0,2 to 1,2.
Avatar locations: 0: (1, 2); 1: (5, 1); 2: (5, 2); 3: (5, 2); 
Avatar 1 moved from 5,1 to 5,1.
Avatar locations: 0: (1, 2); 1: (5, 1); 2: (5, 2); 3: (5, 2); 
Avatar 2 moved from 5,2 to 5,1.
Avatar locations: 0: (1, 2); 1: (5, 1); 2: (5, 1); 3: (5, 2); 
Avatar 3 moved from 5,2 to 5,1.
Avatar locations: 0: (1, 2); 1: (5, 1); 2: (5, 1); 3: (5, 1); 
Avatar 0 moved from 1,2 to 1,1.
Avatar locations: 0: (1, 1); 1: (5, 1); 2: (5, 1); 3: (5, 1); 
Avatar 1 moved from 5,1 to 5,2.
Avatar locations: 0: (1, 1); 2: (5, 1); 3: (5, 1); 1: (5, 2); 
Avatar 2 moved from 5,1 to 5,2.
Avatar locations: 0: (1, 1); 3: (5, 1); 1: (5, 2); 2: (5, 2); 
Avatar 3 moved from 5,1 to 5,2.
Avatar locations: 0: (1, 1); 1: (5, 2); 2: (5, 2); 3: (5, 2); 
Avatar 0 ran into east wall at 1,1.
Avatar locations: 0: (1, 1); 1: (5, 2); 2: (5, 2); 3: (5, 2); 
Avatar 1 moved from 5,2 to 5,3.
Avatar locations: 0: (1, 1); 2: (5, 2); 3: (5, 2); 1: (5, 3); 
Avatar 2 moved from 5,2 to 5,3.
Avatar locations: 0: (1, 1); 3: (5, 2); 1: (5, 3); 2: (5, 3); 
Avatar 3 moved from 5,2 to 5,3.
Avatar locations: 0: (1, 1); 1: (5, 3); 2: (5, 3); 3: (5, 3); 
Avatar 0 moved from 1,1 to 1,0.
Avatar locations: 0: (1, 0); 1: (5, 3); 2: (5, 3); 3: (5, 3); 
Avatar 1 moved from 5,3 to 5,4.
Avatar locations: 0: (1, 0); 2: (5, 3); 3: (5, 3); 1: (5, 4); 
Avatar 2 moved from 5,3 to 5,4.
Avatar locations: 0: (1, 0); 3: (5, 3); 1: (5, 4); 2: (5, 4); 
Avatar 3 moved from 5,3 to 5,4.
Avatar locations: 0: (1, 0); 1: (5, 4); 2: (5, 4); 3: (5, 4); 
Avatar 0 moved from 1,0 to 2,0.
Avatar locations: 0: (2, 0); 1: (5, 4); 2: (5, 4); 3: (5, 4); 
Avatar 1 moved from 5,4 to 4,4.
Avatar locations: 0: (2, 0); 1: (4, 4); 2: (5, 4); 3: (5, 4); 
Avatar 2 moved from 5,4 to 4,4.
Avatar locations: 0: (2, 0); 1: (4, 4); 2: (4, 4); 3: (5, 4); 
Avatar 3 moved from 5,4 to 4,4.
Avatar locations: 0: (2, 0); 1: (4, 4); 2: (4, 4); 3: (4, 4); 
Avatar 0 moved from 2,0 to 2,1.
Avatar locations: 0: (2, 1); 1: (4, 4); 2: (4, 4); 3: (4, 4); 
Avatar 1 moved from 4,4 to 5,4.
Avatar locations: 0: (2, 1); 2: (4, 4); 3: (4, 4); 1: (5, 4); 
Avatar 2 moved from 4,4 to 5,4.
Avatar locations: 0: (2, 1); 3: (4, 4); 1: (5, 4); 2: (5, 4); 
Avatar 3 moved from 4,4 to 5,4.
Avatar locations: 0: (2, 1); 1: (5, 4); 2: (5, 4); 3: (5, 4); 
Avatar 0 moved from 2,1 to 3,1.
Avatar locations: 0: (3, 1); 1: (5, 4); 2: (5, 4); 3: (5, 4); 
Avatar 1 moved from 5,4 to 5,3.
Avatar locations: 0: (3, 1); 1: (5, 3); 2: (5, 4); 3: (5, 4); 
Avatar 2 moved from 5,4 to 5,3.
Avatar locations: 0: (3, 1); 1: (5, 3); 2: (5, 3); 3: (5, 4); 
Avatar 3 moved from 5,4 to 5,3.
Avatar locations: 0: (3, 1); 1: (5, 3); 2: (5, 3); 3: (5, 3); 
Avatar 0 moved from 3,1 to 4,1.
Avatar locations: 0: (4, 1); 1: (5, 3); 2: (5, 3); 3: (5, 3); 
Avatar 1 moved from 5,3 to 5,2.
Avatar locations: 0: (4, 1); 1: (5, 2); 2: (5, 3); 3: (5, 3); 
Avatar 2 moved from 5,3 to 5,2.
Avatar locations: 0: (4, 1); 1: (5, 2); 2: (5, 2); 3: (5, 3); 
Avatar 3 moved from 5,3 to 5,2.
Avatar locations: 0: (4, 1); 1: (5, 2); 2: (5, 2); 3: (5, 2); 
Avatar 0 moved from 4,1 to 4,0.
Avatar locations: 0: (4, 0); 1: (5, 2); 2: (5, 2); 3: (5, 2); 
Avatar 1 moved from 5,2 to 5,1.
Avatar locations: 0: (4, 0); 1: (5, 1); 2: (5, 2); 3: (5, 2); 
Avatar 2 moved from 5,2 to 5,1.
Avatar locations: 0: (4, 0); 1: (5, 1); 2: (5, 1); 3: (5, 2); 
Avatar 3 moved from 5,2 to 5,1.
Avatar locations: 0: (4, 0); 1: (5, 1); 2: (5, 1); 3: (5, 1); 
Avatar 0 moved from 4,0 to 5,0.
Avatar locations: 0: (5, 0); 1: (5, 1); 2: (5, 1); 3: (5, 1); 
Avatar 1 moved from 5,1 to 5,0.
Avatar locations: 0: (5, 0); 1: (5, 0); 2: (5, 1); 3: (5, 1); 
Avatar 2 moved from 5,1 to 5,0.
Avatar locations: 0: (5, 0); 1: (5, 0); 2: (5, 0); 3: (5, 1); 
SOLVED THE MAZE in 143 moves.
Exited with status 0, maze was solved
