larissachen13, 39865, Sun Aug 28 14:27:31 2016
*************************
Inserted avatar 0 at 4,9.
Avatar locations: 0: (4, 9); 
Avatar 0 moved from 4,9 to 3,9.
Avatar locations: 0: (3, 9); 
Inserted avatar 3 at 9,5.
Avatar locations: 0: (3, 9); 3: (9, 5); 
Inserted avatar 2 at 9,1.
Avatar locations: 0: (3, 9); 2: (9, 1); 3: (9, 5); 
Inserted avatar 1 at 3,7.
Avatar locations: 1: (3, 7); 0: (3, 9); 2: (9, 1); 3: (9, 5); 
Avatar 1 ran into west wall at 3,7.
Avatar locations: 1: (3, 7); 0: (3, 9); 2: (9, 1); 3: (9, 5); 
Avatar 2 ran into west wall at 9,1.
Avatar locations: 1: (3, 7); 0: (3, 9); 2: (9, 1); 3: (9, 5); 
Avatar 3 moved from 9,5 to 8,5.
Avatar locations: 1: (3, 7); 0: (3, 9); 3: (8, 5); 2: (9, 1); 
Avatar 0 ran into west wall at 3,9.
Avatar locations: 1: (3, 7); 0: (3, 9); 3: (8, 5); 2: (9, 1); 
Avatar 1 moved from 3,7 to 3,6.
Avatar locations: 1: (3, 6); 0: (3, 9); 3: (8, 5); 2: (9, 1); 
Avatar 2 ran into north wall at 9,1.
Avatar locations: 1: (3, 6); 0: (3, 9); 3: (8, 5); 2: (9, 1); 
Avatar 3 moved from 8,5 to 7,5.
Avatar locations: 1: (3, 6); 0: (3, 9); 3: (7, 5); 2: (9, 1); 
Avatar 0 moved from 3,9 to 3,8.
Avatar locations: 1: (3, 6); 0: (3, 8); 3: (7, 5); 2: (9, 1); 
Avatar 1 ran into west wall at 3,6.
Avatar locations: 1: (3, 6); 0: (3, 8); 3: (7, 5); 2: (9, 1); 
Avatar 2 moved from 9,1 to 9,2.
Avatar locations: 1: (3, 6); 0: (3, 8); 3: (7, 5); 2: (9, 2); 
Avatar 3 ran into west wall at 7,5.
Avatar locations: 1: (3, 6); 0: (3, 8); 3: (7, 5); 2: (9, 2); 
Avatar 0 moved from 3,8 to 3,7.
Avatar locations: 1: (3, 6); 0: (3, 7); 3: (7, 5); 2: (9, 2); 
Avatar 1 ran into north wall at 3,6.
Avatar locations: 1: (3, 6); 0: (3, 7); 3: (7, 5); 2: (9, 2); 
Avatar 2 ran into west wall at 9,2.
Avatar locations: 1: (3, 6); 0: (3, 7); 3: (7, 5); 2: (9, 2); 
Avatar 3 ran into north wall at 7,5.
Avatar locations: 1: (3, 6); 0: (3, 7); 3: (7, 5); 2: (9, 2); 
Avatar 0 ran into east wall at 3,7.
Avatar locations: 1: (3, 6); 0: (3, 7); 3: (7, 5); 2: (9, 2); 
Avatar 1 moved from 3,6 to 4,6.
Avatar locations: 0: (3, 7); 1: (4, 6); 3: (7, 5); 2: (9, 2); 
Avatar 2 moved from 9,2 to 9,3.
Avatar locations: 0: (3, 7); 1: (4, 6); 3: (7, 5); 2: (9, 3); 
Avatar 3 moved from 7,5 to 7,6.
Avatar locations: 0: (3, 7); 1: (4, 6); 3: (7, 6); 2: (9, 3); 
Avatar 0 moved from 3,7 to 3,6.
Avatar locations: 0: (3, 6); 1: (4, 6); 3: (7, 6); 2: (9, 3); 
Avatar 1 ran into north wall at 4,6.
Avatar locations: 0: (3, 6); 1: (4, 6); 3: (7, 6); 2: (9, 3); 
Avatar 2 ran into west wall at 9,3.
Avatar locations: 0: (3, 6); 1: (4, 6); 3: (7, 6); 2: (9, 3); 
Avatar 3 ran into west wall at 7,6.
Avatar locations: 0: (3, 6); 1: (4, 6); 3: (7, 6); 2: (9, 3); 
Avatar 0 moved from 3,6 to 4,6.
Avatar locations: 0: (4, 6); 1: (4, 6); 3: (7, 6); 2: (9, 3); 
Avatar 1 moved from 4,6 to 4,7.
Avatar locations: 0: (4, 6); 1: (4, 7); 3: (7, 6); 2: (9, 3); 
Avatar 2 ran into south wall at 9,3.
Avatar locations: 0: (4, 6); 1: (4, 7); 3: (7, 6); 2: (9, 3); 
Avatar 3 moved from 7,6 to 7,7.
Avatar locations: 0: (4, 6); 1: (4, 7); 3: (7, 7); 2: (9, 3); 
Avatar 0 ran into east wall at 4,6.
Avatar locations: 0: (4, 6); 1: (4, 7); 3: (7, 7); 2: (9, 3); 
Avatar 1 moved from 4,7 to 4,8.
Avatar locations: 0: (4, 6); 1: (4, 8); 3: (7, 7); 2: (9, 3); 
Avatar 2 ran into east wall at 9,3.
Avatar locations: 0: (4, 6); 1: (4, 8); 3: (7, 7); 2: (9, 3); 
Avatar 3 moved from 7,7 to 6,7.
Avatar locations: 0: (4, 6); 1: (4, 8); 3: (6, 7); 2: (9, 3); 
Avatar 0 moved from 4,6 to 4,7.
Avatar locations: 0: (4, 7); 1: (4, 8); 3: (6, 7); 2: (9, 3); 
Avatar 1 moved from 4,8 to 5,8.
Avatar locations: 0: (4, 7); 1: (5, 8); 3: (6, 7); 2: (9, 3); 
Avatar 2 moved from 9,3 to 9,2.
Avatar locations: 0: (4, 7); 1: (5, 8); 3: (6, 7); 2: (9, 2); 
Avatar 3 ran into west wall at 6,7.
Avatar locations: 0: (4, 7); 1: (5, 8); 3: (6, 7); 2: (9, 2); 
Avatar 0 ran into east wall at 4,7.
Avatar locations: 0: (4, 7); 1: (5, 8); 3: (6, 7); 2: (9, 2); 
Avatar 1 ran into north wall at 5,8.
Avatar locations: 0: (4, 7); 1: (5, 8); 3: (6, 7); 2: (9, 2); 
Avatar 2 moved from 9,2 to 10,2.
Avatar locations: 0: (4, 7); 1: (5, 8); 3: (6, 7); 2: (10, 2); 
Avatar 3 ran into north wall at 6,7.
Avatar locations: 0: (4, 7); 1: (5, 8); 3: (6, 7); 2: (10, 2); 
Avatar 0 moved from 4,7 to 4,8.
Avatar locations: 0: (4, 8); 1: (5, 8); 3: (6, 7); 2: (10, 2); 
Avatar 1 ran into south wall at 5,8.
Avatar locations: 0: (4, 8); 1: (5, 8); 3: (6, 7); 2: (10, 2); 
Avatar 2 ran into north wall at 10,2.
Avatar locations: 0: (4, 8); 1: (5, 8); 3: (6, 7); 2: (10, 2); 
Avatar 3 moved from 6,7 to 6,8.
Avatar locations: 0: (4, 8); 1: (5, 8); 3: (6, 8); 2: (10, 2); 
Avatar 0 ran into west wall at 4,8.
Avatar locations: 0: (4, 8); 1: (5, 8); 3: (6, 8); 2: (10, 2); 
Avatar 0 ran into south wall at 4,8.
Avatar locations: 0: (4, 8); 1: (5, 8); 3: (6, 8); 2: (10, 2); 
Avatar 0 moved from 4,8 to 5,8.
Avatar locations: 0: (5, 8); 1: (5, 8); 3: (6, 8); 2: (10, 2); 
Avatar 1 moved from 5,8 to 6,8.
Avatar locations: 0: (5, 8); 1: (6, 8); 3: (6, 8); 2: (10, 2); 
Avatar 2 moved from 10,2 to 10,3.
Avatar locations: 0: (5, 8); 1: (6, 8); 3: (6, 8); 2: (10, 3); 
Avatar 3 ran into south wall at 6,8.
Avatar locations: 0: (5, 8); 1: (6, 8); 3: (6, 8); 2: (10, 3); 
Avatar 0 moved from 5,8 to 6,8.
Avatar locations: 0: (6, 8); 1: (6, 8); 3: (6, 8); 2: (10, 3); 
Avatar 1 ran into east wall at 6,8.
Avatar locations: 0: (6, 8); 1: (6, 8); 3: (6, 8); 2: (10, 3); 
Avatar 2 ran into south wall at 10,3.
Avatar locations: 0: (6, 8); 1: (6, 8); 3: (6, 8); 2: (10, 3); 
Avatar 3 moved from 6,8 to 5,8.
Avatar locations: 3: (5, 8); 0: (6, 8); 1: (6, 8); 2: (10, 3); 
Avatar 0 moved from 6,8 to 6,7.
Avatar locations: 3: (5, 8); 0: (6, 7); 1: (6, 8); 2: (10, 3); 
Avatar 1 moved from 6,8 to 6,7.
Avatar locations: 3: (5, 8); 0: (6, 7); 1: (6, 7); 2: (10, 3); 
Avatar 2 moved from 10,3 to 11,3.
Avatar locations: 3: (5, 8); 0: (6, 7); 1: (6, 7); 2: (11, 3); 
Avatar 3 moved from 5,8 to 4,8.
Avatar locations: 3: (4, 8); 0: (6, 7); 1: (6, 7); 2: (11, 3); 
Avatar 0 moved from 6,7 to 7,7.
Avatar locations: 3: (4, 8); 1: (6, 7); 0: (7, 7); 2: (11, 3); 
Avatar 1 moved from 6,7 to 7,7.
Avatar locations: 3: (4, 8); 0: (7, 7); 1: (7, 7); 2: (11, 3); 
Avatar 2 moved from 11,3 to 11,2.
Avatar locations: 3: (4, 8); 0: (7, 7); 1: (7, 7); 2: (11, 2); 
Avatar 3 moved from 4,8 to 4,7.
Avatar locations: 3: (4, 7); 0: (7, 7); 1: (7, 7); 2: (11, 2); 
Avatar 0 ran into south wall at 7,7.
Avatar locations: 3: (4, 7); 0: (7, 7); 1: (7, 7); 2: (11, 2); 
Avatar 1 ran into east wall at 7,7.
Avatar locations: 3: (4, 7); 0: (7, 7); 1: (7, 7); 2: (11, 2); 
Avatar 2 ran into west wall at 11,2.
Avatar locations: 3: (4, 7); 0: (7, 7); 1: (7, 7); 2: (11, 2); 
Avatar 2 moved from 11,2 to 11,1.
Avatar locations: 3: (4, 7); 0: (7, 7); 1: (7, 7); 2: (11, 1); 
Avatar 3 moved from 4,7 to 4,6.
Avatar locations: 3: (4, 6); 0: (7, 7); 1: (7, 7); 2: (11, 1); 
Avatar 0 moved from 7,7 to 7,6.
Avatar locations: 3: (4, 6); 0: (7, 6); 1: (7, 7); 2: (11, 1); 
Avatar 1 moved from 7,7 to 7,6.
Avatar locations: 3: (4, 6); 0: (7, 6); 1: (7, 6); 2: (11, 1); 
Avatar 2 moved from 11,1 to 10,1.
Avatar locations: 3: (4, 6); 0: (7, 6); 1: (7, 6); 2: (10, 1); 
Avatar 3 moved from 4,6 to 3,6.
Avatar locations: 3: (3, 6); 0: (7, 6); 1: (7, 6); 2: (10, 1); 
Avatar 0 ran into east wall at 7,6.
Avatar locations: 3: (3, 6); 0: (7, 6); 1: (7, 6); 2: (10, 1); 
Avatar 1 moved from 7,6 to 7,5.
Avatar locations: 3: (3, 6); 1: (7, 5); 0: (7, 6); 2: (10, 1); 
Avatar 2 ran into west wall at 10,1.
Avatar locations: 3: (3, 6); 1: (7, 5); 0: (7, 6); 2: (10, 1); 
Avatar 2 moved from 10,1 to 10,0.
Avatar locations: 3: (3, 6); 1: (7, 5); 0: (7, 6); 2: (10, 0); 
Avatar 3 moved from 3,6 to 3,7.
Avatar locations: 3: (3, 7); 1: (7, 5); 0: (7, 6); 2: (10, 0); 
Avatar 0 moved from 7,6 to 7,5.
Avatar locations: 3: (3, 7); 0: (7, 5); 1: (7, 5); 2: (10, 0); 
Avatar 1 moved from 7,5 to 8,5.
Avatar locations: 3: (3, 7); 0: (7, 5); 1: (8, 5); 2: (10, 0); 
Avatar 2 moved from 10,0 to 9,0.
Avatar locations: 3: (3, 7); 0: (7, 5); 1: (8, 5); 2: (9, 0); 
Avatar 3 moved from 3,7 to 3,8.
Avatar locations: 3: (3, 8); 0: (7, 5); 1: (8, 5); 2: (9, 0); 
Avatar 0 moved from 7,5 to 8,5.
Avatar locations: 3: (3, 8); 0: (8, 5); 1: (8, 5); 2: (9, 0); 
Avatar 1 ran into north wall at 8,5.
Avatar locations: 3: (3, 8); 0: (8, 5); 1: (8, 5); 2: (9, 0); 
Avatar 2 moved from 9,0 to 8,0.
Avatar locations: 3: (3, 8); 2: (8, 0); 0: (8, 5); 1: (8, 5); 
Avatar 3 ran into west wall at 3,8.
Avatar locations: 3: (3, 8); 2: (8, 0); 0: (8, 5); 1: (8, 5); 
Avatar 0 ran into south wall at 8,5.
Avatar locations: 3: (3, 8); 2: (8, 0); 0: (8, 5); 1: (8, 5); 
Avatar 1 moved from 8,5 to 9,5.
Avatar locations: 3: (3, 8); 2: (8, 0); 0: (8, 5); 1: (9, 5); 
Avatar 2 moved from 8,0 to 7,0.
Avatar locations: 3: (3, 8); 2: (7, 0); 0: (8, 5); 1: (9, 5); 
Avatar 3 moved from 3,8 to 3,9.
Avatar locations: 3: (3, 9); 2: (7, 0); 0: (8, 5); 1: (9, 5); 
Avatar 0 moved from 8,5 to 9,5.
Avatar locations: 3: (3, 9); 2: (7, 0); 0: (9, 5); 1: (9, 5); 
Avatar 1 ran into north wall at 9,5.
Avatar locations: 3: (3, 9); 2: (7, 0); 0: (9, 5); 1: (9, 5); 
Avatar 2 moved from 7,0 to 6,0.
Avatar locations: 3: (3, 9); 2: (6, 0); 0: (9, 5); 1: (9, 5); 
Avatar 3 moved from 3,9 to 4,9.
Avatar locations: 3: (4, 9); 2: (6, 0); 0: (9, 5); 1: (9, 5); 
Avatar 0 moved from 9,5 to 9,6.
Avatar locations: 3: (4, 9); 2: (6, 0); 1: (9, 5); 0: (9, 6); 
Avatar 1 ran into east wall at 9,5.
Avatar locations: 3: (4, 9); 2: (6, 0); 1: (9, 5); 0: (9, 6); 
Avatar 2 ran into west wall at 6,0.
Avatar locations: 3: (4, 9); 2: (6, 0); 1: (9, 5); 0: (9, 6); 
Avatar 3 moved from 4,9 to 5,9.
Avatar locations: 3: (5, 9); 2: (6, 0); 1: (9, 5); 0: (9, 6); 
Avatar 0 moved from 9,6 to 8,6.
Avatar locations: 3: (5, 9); 2: (6, 0); 0: (8, 6); 1: (9, 5); 
Avatar 1 moved from 9,5 to 9,6.
Avatar locations: 3: (5, 9); 2: (6, 0); 0: (8, 6); 1: (9, 6); 
Avatar 2 moved from 6,0 to 6,1.
Avatar locations: 3: (5, 9); 2: (6, 1); 0: (8, 6); 1: (9, 6); 
Avatar 3 moved from 5,9 to 6,9.
Avatar locations: 2: (6, 1); 3: (6, 9); 0: (8, 6); 1: (9, 6); 
Avatar 0 moved from 8,6 to 8,7.
Avatar locations: 2: (6, 1); 3: (6, 9); 0: (8, 7); 1: (9, 6); 
Avatar 1 ran into south wall at 9,6.
Avatar locations: 2: (6, 1); 3: (6, 9); 0: (8, 7); 1: (9, 6); 
Avatar 2 ran into west wall at 6,1.
Avatar locations: 2: (6, 1); 3: (6, 9); 0: (8, 7); 1: (9, 6); 
Avatar 3 moved from 6,9 to 7,9.
Avatar locations: 2: (6, 1); 3: (7, 9); 0: (8, 7); 1: (9, 6); 
Avatar 0 moved from 8,7 to 8,8.
Avatar locations: 2: (6, 1); 3: (7, 9); 0: (8, 8); 1: (9, 6); 
Avatar 1 ran into east wall at 9,6.
Avatar locations: 2: (6, 1); 3: (7, 9); 0: (8, 8); 1: (9, 6); 
Avatar 2 moved from 6,1 to 6,2.
Avatar locations: 2: (6, 2); 3: (7, 9); 0: (8, 8); 1: (9, 6); 
Avatar 3 moved from 7,9 to 7,8.
Avatar locations: 2: (6, 2); 3: (7, 8); 0: (8, 8); 1: (9, 6); 
Avatar 0 ran into south wall at 8,8.
Avatar locations: 2: (6, 2); 3: (7, 8); 0: (8, 8); 1: (9, 6); 
Avatar 1 moved from 9,6 to 8,6.
Avatar locations: 2: (6, 2); 3: (7, 8); 1: (8, 6); 0: (8, 8); 
Avatar 2 moved from 6,2 to 5,2.
Avatar locations: 2: (5, 2); 3: (7, 8); 1: (8, 6); 0: (8, 8); 
Avatar 3 ran into east wall at 7,8.
Avatar locations: 2: (5, 2); 3: (7, 8); 1: (8, 6); 0: (8, 8); 
Avatar 0 moved from 8,8 to 9,8.
Avatar locations: 2: (5, 2); 3: (7, 8); 1: (8, 6); 0: (9, 8); 
Avatar 1 moved from 8,6 to 8,7.
Avatar locations: 2: (5, 2); 3: (7, 8); 1: (8, 7); 0: (9, 8); 
Avatar 2 moved from 5,2 to 4,2.
Avatar locations: 2: (4, 2); 3: (7, 8); 1: (8, 7); 0: (9, 8); 
Avatar 3 moved from 7,8 to 7,9.
Avatar locations: 2: (4, 2); 3: (7, 9); 1: (8, 7); 0: (9, 8); 
Avatar 0 ran into north wall at 9,8.
Avatar locations: 2: (4, 2); 3: (7, 9); 1: (8, 7); 0: (9, 8); 
Avatar 1 ran into east wall at 8,7.
Avatar locations: 2: (4, 2); 3: (7, 9); 1: (8, 7); 0: (9, 8); 
Avatar 2 moved from 4,2 to 3,2.
Avatar locations: 2: (3, 2); 3: (7, 9); 1: (8, 7); 0: (9, 8); 
Avatar 3 ran into east wall at 7,9.
Avatar locations: 2: (3, 2); 3: (7, 9); 1: (8, 7); 0: (9, 8); 
Avatar 0 moved from 9,8 to 9,9.
Avatar locations: 2: (3, 2); 3: (7, 9); 1: (8, 7); 0: (9, 9); 
Avatar 1 moved from 8,7 to 8,8.
Avatar locations: 2: (3, 2); 3: (7, 9); 1: (8, 8); 0: (9, 9); 
Avatar 2 ran into west wall at 3,2.
Avatar locations: 2: (3, 2); 3: (7, 9); 1: (8, 8); 0: (9, 9); 
Avatar 3 moved from 7,9 to 6,9.
Avatar locations: 2: (3, 2); 3: (6, 9); 1: (8, 8); 0: (9, 9); 
Avatar 0 moved from 9,9 to 8,9.
Avatar locations: 2: (3, 2); 3: (6, 9); 1: (8, 8); 0: (8, 9); 
Avatar 1 moved from 8,8 to 9,8.
Avatar locations: 2: (3, 2); 3: (6, 9); 0: (8, 9); 1: (9, 8); 
Avatar 2 moved from 3,2 to 3,1.
Avatar locations: 2: (3, 1); 3: (6, 9); 0: (8, 9); 1: (9, 8); 
Avatar 3 moved from 6,9 to 5,9.
Avatar locations: 2: (3, 1); 3: (5, 9); 0: (8, 9); 1: (9, 8); 
Avatar 0 moved from 8,9 to 9,9.
Avatar locations: 2: (3, 1); 3: (5, 9); 1: (9, 8); 0: (9, 9); 
Avatar 1 ran into east wall at 9,8.
Avatar locations: 2: (3, 1); 3: (5, 9); 1: (9, 8); 0: (9, 9); 
Avatar 2 moved from 3,1 to 2,1.
Avatar locations: 2: (2, 1); 3: (5, 9); 1: (9, 8); 0: (9, 9); 
Avatar 3 moved from 5,9 to 4,9.
Avatar locations: 2: (2, 1); 3: (4, 9); 1: (9, 8); 0: (9, 9); 
Avatar 0 moved from 9,9 to 10,9.
Avatar locations: 2: (2, 1); 3: (4, 9); 1: (9, 8); 0: (10, 9); 
Avatar 1 moved from 9,8 to 9,9.
Avatar locations: 2: (2, 1); 3: (4, 9); 1: (9, 9); 0: (10, 9); 
Avatar 2 ran into west wall at 2,1.
Avatar locations: 2: (2, 1); 3: (4, 9); 1: (9, 9); 0: (10, 9); 
Avatar 3 moved from 4,9 to 3,9.
Avatar locations: 2: (2, 1); 3: (3, 9); 1: (9, 9); 0: (10, 9); 
Avatar 0 ran into north wall at 10,9.
Avatar locations: 2: (2, 1); 3: (3, 9); 1: (9, 9); 0: (10, 9); 
Avatar 1 moved from 9,9 to 10,9.
Avatar locations: 2: (2, 1); 3: (3, 9); 0: (10, 9); 1: (10, 9); 
Avatar 2 ran into north wall at 2,1.
Avatar locations: 2: (2, 1); 3: (3, 9); 0: (10, 9); 1: (10, 9); 
Avatar 3 moved from 3,9 to 3,8.
Avatar locations: 2: (2, 1); 3: (3, 8); 0: (10, 9); 1: (10, 9); 
Avatar 0 moved from 10,9 to 11,9.
Avatar locations: 2: (2, 1); 3: (3, 8); 1: (10, 9); 0: (11, 9); 
Avatar 1 moved from 10,9 to 11,9.
Avatar locations: 2: (2, 1); 3: (3, 8); 0: (11, 9); 1: (11, 9); 
Avatar 2 moved from 2,1 to 2,2.
Avatar locations: 2: (2, 2); 3: (3, 8); 0: (11, 9); 1: (11, 9); 
Avatar 3 moved from 3,8 to 3,7.
Avatar locations: 2: (2, 2); 3: (3, 7); 0: (11, 9); 1: (11, 9); 
Avatar 0 moved from 11,9 to 11,8.
Avatar locations: 2: (2, 2); 3: (3, 7); 0: (11, 8); 1: (11, 9); 
Avatar 1 moved from 11,9 to 11,8.
Avatar locations: 2: (2, 2); 3: (3, 7); 0: (11, 8); 1: (11, 8); 
Avatar 2 moved from 2,2 to 1,2.
Avatar locations: 2: (1, 2); 3: (3, 7); 0: (11, 8); 1: (11, 8); 
Avatar 3 moved from 3,7 to 3,6.
Avatar locations: 2: (1, 2); 3: (3, 6); 0: (11, 8); 1: (11, 8); 
Avatar 0 moved from 11,8 to 10,8.
Avatar locations: 2: (1, 2); 3: (3, 6); 0: (10, 8); 1: (11, 8); 
Avatar 1 ran into north wall at 11,8.
Avatar locations: 2: (1, 2); 3: (3, 6); 0: (10, 8); 1: (11, 8); 
Avatar 2 moved from 1,2 to 0,2.
Avatar locations: 2: (0, 2); 3: (3, 6); 0: (10, 8); 1: (11, 8); 
Avatar 3 moved from 3,6 to 4,6.
Avatar locations: 2: (0, 2); 3: (4, 6); 0: (10, 8); 1: (11, 8); 
Avatar 0 moved from 10,8 to 10,7.
Avatar locations: 2: (0, 2); 3: (4, 6); 0: (10, 7); 1: (11, 8); 
Avatar 1 moved from 11,8 to 10,8.
Avatar locations: 2: (0, 2); 3: (4, 6); 0: (10, 7); 1: (10, 8); 
Avatar 2 moved from 0,2 to 0,1.
Avatar locations: 2: (0, 1); 3: (4, 6); 0: (10, 7); 1: (10, 8); 
Avatar 3 moved from 4,6 to 4,7.
Avatar locations: 2: (0, 1); 3: (4, 7); 0: (10, 7); 1: (10, 8); 
Avatar 0 moved from 10,7 to 9,7.
Avatar locations: 2: (0, 1); 3: (4, 7); 0: (9, 7); 1: (10, 8); 
Avatar 1 moved from 10,8 to 10,7.
Avatar locations: 2: (0, 1); 3: (4, 7); 0: (9, 7); 1: (10, 7); 
Avatar 2 ran into north wall at 0,1.
Avatar locations: 2: (0, 1); 3: (4, 7); 0: (9, 7); 1: (10, 7); 
Avatar 3 moved from 4,7 to 4,8.
Avatar locations: 2: (0, 1); 3: (4, 8); 0: (9, 7); 1: (10, 7); 
Avatar 0 moved from 9,7 to 10,7.
Avatar locations: 2: (0, 1); 3: (4, 8); 0: (10, 7); 1: (10, 7); 
Avatar 1 moved from 10,7 to 10,6.
Avatar locations: 2: (0, 1); 3: (4, 8); 1: (10, 6); 0: (10, 7); 
Avatar 2 moved from 0,1 to 1,1.
Avatar locations: 2: (1, 1); 3: (4, 8); 1: (10, 6); 0: (10, 7); 
Avatar 3 moved from 4,8 to 5,8.
Avatar locations: 2: (1, 1); 3: (5, 8); 1: (10, 6); 0: (10, 7); 
Avatar 0 ran into east wall at 10,7.
Avatar locations: 2: (1, 1); 3: (5, 8); 1: (10, 6); 0: (10, 7); 
Avatar 1 moved from 10,6 to 10,5.
Avatar locations: 2: (1, 1); 3: (5, 8); 1: (10, 5); 0: (10, 7); 
Avatar 2 ran into south wall at 1,1.
Avatar locations: 2: (1, 1); 3: (5, 8); 1: (10, 5); 0: (10, 7); 
Avatar 2 moved from 1,1 to 1,0.
Avatar locations: 2: (1, 0); 3: (5, 8); 1: (10, 5); 0: (10, 7); 
Avatar 3 moved from 5,8 to 6,8.
Avatar locations: 2: (1, 0); 3: (6, 8); 1: (10, 5); 0: (10, 7); 
Avatar 0 moved from 10,7 to 10,6.
Avatar locations: 2: (1, 0); 3: (6, 8); 1: (10, 5); 0: (10, 6); 
Avatar 1 moved from 10,5 to 10,4.
Avatar locations: 2: (1, 0); 3: (6, 8); 1: (10, 4); 0: (10, 6); 
Avatar 2 moved from 1,0 to 0,0.
Avatar locations: 2: (0, 0); 3: (6, 8); 1: (10, 4); 0: (10, 6); 
Avatar 3 moved from 6,8 to 6,7.
Avatar locations: 2: (0, 0); 3: (6, 7); 1: (10, 4); 0: (10, 6); 
Avatar 0 ran into east wall at 10,6.
Avatar locations: 2: (0, 0); 3: (6, 7); 1: (10, 4); 0: (10, 6); 
Avatar 1 moved from 10,4 to 9,4.
Avatar locations: 2: (0, 0); 3: (6, 7); 1: (9, 4); 0: (10, 6); 
Avatar 2 moved from 0,0 to 1,0.
Avatar locations: 2: (1, 0); 3: (6, 7); 1: (9, 4); 0: (10, 6); 
Avatar 3 moved from 6,7 to 7,7.
Avatar locations: 2: (1, 0); 3: (7, 7); 1: (9, 4); 0: (10, 6); 
Avatar 0 moved from 10,6 to 10,5.
Avatar locations: 2: (1, 0); 3: (7, 7); 1: (9, 4); 0: (10, 5); 
Avatar 1 moved from 9,4 to 8,4.
Avatar locations: 2: (1, 0); 3: (7, 7); 1: (8, 4); 0: (10, 5); 
Avatar 2 moved from 1,0 to 2,0.
Avatar locations: 2: (2, 0); 3: (7, 7); 1: (8, 4); 0: (10, 5); 
Avatar 3 moved from 7,7 to 7,6.
Avatar locations: 2: (2, 0); 3: (7, 6); 1: (8, 4); 0: (10, 5); 
Avatar 0 ran into east wall at 10,5.
Avatar locations: 2: (2, 0); 3: (7, 6); 1: (8, 4); 0: (10, 5); 
Avatar 1 moved from 8,4 to 7,4.
Avatar locations: 2: (2, 0); 1: (7, 4); 3: (7, 6); 0: (10, 5); 
Avatar 2 moved from 2,0 to 3,0.
Avatar locations: 2: (3, 0); 1: (7, 4); 3: (7, 6); 0: (10, 5); 
Avatar 3 moved from 7,6 to 7,5.
Avatar locations: 2: (3, 0); 1: (7, 4); 3: (7, 5); 0: (10, 5); 
Avatar 0 moved from 10,5 to 10,4.
Avatar locations: 2: (3, 0); 1: (7, 4); 3: (7, 5); 0: (10, 4); 
Avatar 1 ran into west wall at 7,4.
Avatar locations: 2: (3, 0); 1: (7, 4); 3: (7, 5); 0: (10, 4); 
Avatar 2 ran into south wall at 3,0.
Avatar locations: 2: (3, 0); 1: (7, 4); 3: (7, 5); 0: (10, 4); 
Avatar 2 moved from 3,0 to 4,0.
Avatar locations: 2: (4, 0); 1: (7, 4); 3: (7, 5); 0: (10, 4); 
Avatar 3 moved from 7,5 to 8,5.
Avatar locations: 2: (4, 0); 1: (7, 4); 3: (8, 5); 0: (10, 4); 
Avatar 0 ran into east wall at 10,4.
Avatar locations: 2: (4, 0); 1: (7, 4); 3: (8, 5); 0: (10, 4); 
Avatar 1 moved from 7,4 to 7,3.
Avatar locations: 2: (4, 0); 1: (7, 3); 3: (8, 5); 0: (10, 4); 
Avatar 2 moved from 4,0 to 4,1.
Avatar locations: 2: (4, 1); 1: (7, 3); 3: (8, 5); 0: (10, 4); 
Avatar 3 moved from 8,5 to 9,5.
Avatar locations: 2: (4, 1); 1: (7, 3); 3: (9, 5); 0: (10, 4); 
Avatar 0 moved from 10,4 to 9,4.
Avatar locations: 2: (4, 1); 1: (7, 3); 0: (9, 4); 3: (9, 5); 
Avatar 1 ran into west wall at 7,3.
Avatar locations: 2: (4, 1); 1: (7, 3); 0: (9, 4); 3: (9, 5); 
Avatar 2 ran into west wall at 4,1.
Avatar locations: 2: (4, 1); 1: (7, 3); 0: (9, 4); 3: (9, 5); 
Avatar 2 ran into south wall at 4,1.
Avatar locations: 2: (4, 1); 1: (7, 3); 0: (9, 4); 3: (9, 5); 
Avatar 2 moved from 4,1 to 5,1.
Avatar locations: 2: (5, 1); 1: (7, 3); 0: (9, 4); 3: (9, 5); 
Avatar 3 moved from 9,5 to 9,6.
Avatar locations: 2: (5, 1); 1: (7, 3); 0: (9, 4); 3: (9, 6); 
Avatar 0 moved from 9,4 to 8,4.
Avatar locations: 2: (5, 1); 1: (7, 3); 0: (8, 4); 3: (9, 6); 
Avatar 1 ran into north wall at 7,3.
Avatar locations: 2: (5, 1); 1: (7, 3); 0: (8, 4); 3: (9, 6); 
Avatar 2 ran into south wall at 5,1.
Avatar locations: 2: (5, 1); 1: (7, 3); 0: (8, 4); 3: (9, 6); 
Avatar 2 moved from 5,1 to 5,0.
Avatar locations: 2: (5, 0); 1: (7, 3); 0: (8, 4); 3: (9, 6); 
Avatar 3 moved from 9,6 to 8,6.
Avatar locations: 2: (5, 0); 1: (7, 3); 0: (8, 4); 3: (8, 6); 
Avatar 0 ran into north wall at 8,4.
Avatar locations: 2: (5, 0); 1: (7, 3); 0: (8, 4); 3: (8, 6); 
Avatar 1 moved from 7,3 to 8,3.
Avatar locations: 2: (5, 0); 1: (8, 3); 0: (8, 4); 3: (8, 6); 
Avatar 2 ran into west wall at 5,0.
Avatar locations: 2: (5, 0); 1: (8, 3); 0: (8, 4); 3: (8, 6); 
Avatar 2 moved from 5,0 to 5,1.
Avatar locations: 2: (5, 1); 1: (8, 3); 0: (8, 4); 3: (8, 6); 
Avatar 3 moved from 8,6 to 8,7.
Avatar locations: 2: (5, 1); 1: (8, 3); 0: (8, 4); 3: (8, 7); 
Avatar 0 moved from 8,4 to 7,4.
Avatar locations: 2: (5, 1); 0: (7, 4); 1: (8, 3); 3: (8, 7); 
Avatar 1 moved from 8,3 to 8,2.
Avatar locations: 2: (5, 1); 0: (7, 4); 1: (8, 2); 3: (8, 7); 
Avatar 2 moved from 5,1 to 4,1.
Avatar locations: 2: (4, 1); 0: (7, 4); 1: (8, 2); 3: (8, 7); 
Avatar 3 moved from 8,7 to 8,8.
Avatar locations: 2: (4, 1); 0: (7, 4); 1: (8, 2); 3: (8, 8); 
Avatar 0 moved from 7,4 to 7,3.
Avatar locations: 2: (4, 1); 0: (7, 3); 1: (8, 2); 3: (8, 8); 
Avatar 1 ran into west wall at 8,2.
Avatar locations: 2: (4, 1); 0: (7, 3); 1: (8, 2); 3: (8, 8); 
Avatar 2 moved from 4,1 to 4,0.
Avatar locations: 2: (4, 0); 0: (7, 3); 1: (8, 2); 3: (8, 8); 
Avatar 3 moved from 8,8 to 9,8.
Avatar locations: 2: (4, 0); 0: (7, 3); 1: (8, 2); 3: (9, 8); 
Avatar 0 moved from 7,3 to 8,3.
Avatar locations: 2: (4, 0); 1: (8, 2); 0: (8, 3); 3: (9, 8); 
Avatar 1 moved from 8,2 to 8,1.
Avatar locations: 2: (4, 0); 1: (8, 1); 0: (8, 3); 3: (9, 8); 
Avatar 2 moved from 4,0 to 3,0.
Avatar locations: 2: (3, 0); 1: (8, 1); 0: (8, 3); 3: (9, 8); 
Avatar 3 moved from 9,8 to 9,9.
Avatar locations: 2: (3, 0); 1: (8, 1); 0: (8, 3); 3: (9, 9); 
Avatar 0 moved from 8,3 to 8,2.
Avatar locations: 2: (3, 0); 1: (8, 1); 0: (8, 2); 3: (9, 9); 
Avatar 1 moved from 8,1 to 8,0.
Avatar locations: 2: (3, 0); 1: (8, 0); 0: (8, 2); 3: (9, 9); 
Avatar 2 moved from 3,0 to 2,0.
Avatar locations: 2: (2, 0); 1: (8, 0); 0: (8, 2); 3: (9, 9); 
Avatar 3 moved from 9,9 to 10,9.
Avatar locations: 2: (2, 0); 1: (8, 0); 0: (8, 2); 3: (10, 9); 
Avatar 0 moved from 8,2 to 8,1.
Avatar locations: 2: (2, 0); 1: (8, 0); 0: (8, 1); 3: (10, 9); 
Avatar 1 moved from 8,0 to 8,1.
Avatar locations: 2: (2, 0); 0: (8, 1); 1: (8, 1); 3: (10, 9); 
Avatar 2 moved from 2,0 to 1,0.
Avatar locations: 2: (1, 0); 0: (8, 1); 1: (8, 1); 3: (10, 9); 
Avatar 3 moved from 10,9 to 11,9.
Avatar locations: 2: (1, 0); 0: (8, 1); 1: (8, 1); 3: (11, 9); 
Avatar 0 moved from 8,1 to 8,0.
Avatar locations: 2: (1, 0); 0: (8, 0); 1: (8, 1); 3: (11, 9); 
Avatar 1 moved from 8,1 to 8,0.
Avatar locations: 2: (1, 0); 0: (8, 0); 1: (8, 0); 3: (11, 9); 
Avatar 2 moved from 1,0 to 1,1.
Avatar locations: 2: (1, 1); 0: (8, 0); 1: (8, 0); 3: (11, 9); 
Avatar 3 moved from 11,9 to 11,8.
Avatar locations: 2: (1, 1); 0: (8, 0); 1: (8, 0); 3: (11, 8); 
Avatar 0 moved from 8,0 to 7,0.
Avatar locations: 2: (1, 1); 0: (7, 0); 1: (8, 0); 3: (11, 8); 
Avatar 1 moved from 8,0 to 7,0.
Avatar locations: 2: (1, 1); 0: (7, 0); 1: (7, 0); 3: (11, 8); 
Avatar 2 moved from 1,1 to 0,1.
Avatar locations: 2: (0, 1); 0: (7, 0); 1: (7, 0); 3: (11, 8); 
Avatar 3 moved from 11,8 to 10,8.
Avatar locations: 2: (0, 1); 0: (7, 0); 1: (7, 0); 3: (10, 8); 
Avatar 0 moved from 7,0 to 6,0.
Avatar locations: 2: (0, 1); 0: (6, 0); 1: (7, 0); 3: (10, 8); 
Avatar 1 moved from 7,0 to 6,0.
Avatar locations: 2: (0, 1); 0: (6, 0); 1: (6, 0); 3: (10, 8); 
Avatar 2 moved from 0,1 to 0,2.
Avatar locations: 2: (0, 2); 0: (6, 0); 1: (6, 0); 3: (10, 8); 
Avatar 3 moved from 10,8 to 10,7.
Avatar locations: 2: (0, 2); 0: (6, 0); 1: (6, 0); 3: (10, 7); 
Avatar 0 moved from 6,0 to 6,1.
Avatar locations: 2: (0, 2); 1: (6, 0); 0: (6, 1); 3: (10, 7); 
Avatar 1 moved from 6,0 to 6,1.
Avatar locations: 2: (0, 2); 0: (6, 1); 1: (6, 1); 3: (10, 7); 
Avatar 2 moved from 0,2 to 1,2.
Avatar locations: 2: (1, 2); 0: (6, 1); 1: (6, 1); 3: (10, 7); 
Avatar 3 moved from 10,7 to 10,6.
Avatar locations: 2: (1, 2); 0: (6, 1); 1: (6, 1); 3: (10, 6); 
Avatar 0 moved from 6,1 to 6,2.
Avatar locations: 2: (1, 2); 1: (6, 1); 0: (6, 2); 3: (10, 6); 
Avatar 1 moved from 6,1 to 6,2.
Avatar locations: 2: (1, 2); 0: (6, 2); 1: (6, 2); 3: (10, 6); 
Avatar 2 moved from 1,2 to 2,2.
Avatar locations: 2: (2, 2); 0: (6, 2); 1: (6, 2); 3: (10, 6); 
Avatar 3 moved from 10,6 to 10,5.
Avatar locations: 2: (2, 2); 0: (6, 2); 1: (6, 2); 3: (10, 5); 
Avatar 0 moved from 6,2 to 5,2.
Avatar locations: 2: (2, 2); 0: (5, 2); 1: (6, 2); 3: (10, 5); 
Avatar 1 moved from 6,2 to 5,2.
Avatar locations: 2: (2, 2); 0: (5, 2); 1: (5, 2); 3: (10, 5); 
Avatar 2 moved from 2,2 to 2,1.
Avatar locations: 2: (2, 1); 0: (5, 2); 1: (5, 2); 3: (10, 5); 
Avatar 3 moved from 10,5 to 10,4.
Avatar locations: 2: (2, 1); 0: (5, 2); 1: (5, 2); 3: (10, 4); 
Avatar 0 moved from 5,2 to 4,2.
Avatar locations: 2: (2, 1); 0: (4, 2); 1: (5, 2); 3: (10, 4); 
Avatar 1 moved from 5,2 to 4,2.
Avatar locations: 2: (2, 1); 0: (4, 2); 1: (4, 2); 3: (10, 4); 
Avatar 2 moved from 2,1 to 3,1.
Avatar locations: 2: (3, 1); 0: (4, 2); 1: (4, 2); 3: (10, 4); 
Avatar 3 moved from 10,4 to 9,4.
Avatar locations: 2: (3, 1); 0: (4, 2); 1: (4, 2); 3: (9, 4); 
Avatar 0 moved from 4,2 to 3,2.
Avatar locations: 2: (3, 1); 0: (3, 2); 1: (4, 2); 3: (9, 4); 
Avatar 1 moved from 4,2 to 3,2.
Avatar locations: 2: (3, 1); 0: (3, 2); 1: (3, 2); 3: (9, 4); 
Avatar 2 moved from 3,1 to 3,2.
Avatar locations: 0: (3, 2); 1: (3, 2); 2: (3, 2); 3: (9, 4); 
Avatar 3 moved from 9,4 to 8,4.
Avatar locations: 0: (3, 2); 1: (3, 2); 2: (3, 2); 3: (8, 4); 
Avatar 0 moved from 3,2 to 3,1.
Avatar locations: 0: (3, 1); 1: (3, 2); 2: (3, 2); 3: (8, 4); 
Avatar 1 moved from 3,2 to 3,1.
Avatar locations: 0: (3, 1); 1: (3, 1); 2: (3, 2); 3: (8, 4); 
Avatar 2 moved from 3,2 to 3,1.
Avatar locations: 0: (3, 1); 1: (3, 1); 2: (3, 1); 3: (8, 4); 
Avatar 3 moved from 8,4 to 7,4.
Avatar locations: 0: (3, 1); 1: (3, 1); 2: (3, 1); 3: (7, 4); 
Avatar 0 moved from 3,1 to 3,2.
Avatar locations: 1: (3, 1); 2: (3, 1); 0: (3, 2); 3: (7, 4); 
Avatar 1 moved from 3,1 to 3,2.
Avatar locations: 2: (3, 1); 0: (3, 2); 1: (3, 2); 3: (7, 4); 
Avatar 2 moved from 3,1 to 3,2.
Avatar locations: 0: (3, 2); 1: (3, 2); 2: (3, 2); 3: (7, 4); 
Avatar 3 moved from 7,4 to 7,3.
Avatar locations: 0: (3, 2); 1: (3, 2); 2: (3, 2); 3: (7, 3); 
Avatar 0 moved from 3,2 to 4,2.
Avatar locations: 1: (3, 2); 2: (3, 2); 0: (4, 2); 3: (7, 3); 
Avatar 1 moved from 3,2 to 4,2.
Avatar locations: 2: (3, 2); 0: (4, 2); 1: (4, 2); 3: (7, 3); 
Avatar 2 moved from 3,2 to 4,2.
Avatar locations: 0: (4, 2); 1: (4, 2); 2: (4, 2); 3: (7, 3); 
Avatar 3 moved from 7,3 to 8,3.
Avatar locations: 0: (4, 2); 1: (4, 2); 2: (4, 2); 3: (8, 3); 
Avatar 0 moved from 4,2 to 5,2.
Avatar locations: 1: (4, 2); 2: (4, 2); 0: (5, 2); 3: (8, 3); 
Avatar 1 moved from 4,2 to 5,2.
Avatar locations: 2: (4, 2); 0: (5, 2); 1: (5, 2); 3: (8, 3); 
Avatar 2 moved from 4,2 to 5,2.
Avatar locations: 0: (5, 2); 1: (5, 2); 2: (5, 2); 3: (8, 3); 
Avatar 3 moved from 8,3 to 8,2.
Avatar locations: 0: (5, 2); 1: (5, 2); 2: (5, 2); 3: (8, 2); 
Avatar 0 moved from 5,2 to 6,2.
Avatar locations: 1: (5, 2); 2: (5, 2); 0: (6, 2); 3: (8, 2); 
Avatar 1 moved from 5,2 to 6,2.
Avatar locations: 2: (5, 2); 0: (6, 2); 1: (6, 2); 3: (8, 2); 
Avatar 2 moved from 5,2 to 6,2.
Avatar locations: 0: (6, 2); 1: (6, 2); 2: (6, 2); 3: (8, 2); 
Avatar 3 moved from 8,2 to 8,1.
Avatar locations: 0: (6, 2); 1: (6, 2); 2: (6, 2); 3: (8, 1); 
Avatar 0 moved from 6,2 to 6,1.
Avatar locations: 0: (6, 1); 1: (6, 2); 2: (6, 2); 3: (8, 1); 
Avatar 1 moved from 6,2 to 6,1.
Avatar locations: 0: (6, 1); 1: (6, 1); 2: (6, 2); 3: (8, 1); 
Avatar 2 moved from 6,2 to 6,1.
Avatar locations: 0: (6, 1); 1: (6, 1); 2: (6, 1); 3: (8, 1); 
Avatar 3 moved from 8,1 to 8,0.
Avatar locations: 0: (6, 1); 1: (6, 1); 2: (6, 1); 3: (8, 0); 
Avatar 0 moved from 6,1 to 6,0.
Avatar locations: 0: (6, 0); 1: (6, 1); 2: (6, 1); 3: (8, 0); 
Avatar 1 moved from 6,1 to 6,0.
Avatar locations: 0: (6, 0); 1: (6, 0); 2: (6, 1); 3: (8, 0); 
Avatar 2 moved from 6,1 to 6,0.
Avatar locations: 0: (6, 0); 1: (6, 0); 2: (6, 0); 3: (8, 0); 
Avatar 3 moved from 8,0 to 7,0.
Avatar locations: 0: (6, 0); 1: (6, 0); 2: (6, 0); 3: (7, 0); 
Avatar 0 moved from 6,0 to 6,0.
Avatar locations: 0: (6, 0); 1: (6, 0); 2: (6, 0); 3: (7, 0); 
Avatar 1 moved from 6,0 to 6,0.
Avatar locations: 0: (6, 0); 1: (6, 0); 2: (6, 0); 3: (7, 0); 
Avatar 2 moved from 6,0 to 6,0.
Avatar locations: 0: (6, 0); 1: (6, 0); 2: (6, 0); 3: (7, 0); 
SOLVED THE MAZE in 283 moves.
Exited with status 0, maze was solved
